<?xml version="1.0" encoding="UTF-8"?>
<testsuite xmlns:xsi="http://www.w3.org/2001/XMLSchema-instance" xsi:noNamespaceSchemaLocation="https://maven.apache.org/surefire/maven-surefire-plugin/xsd/surefire-test-report.xsd" version="3.0.2" name="com.fhtw.shreddit.repository.CommentRepositoryTest" time="0.455" tests="2" errors="0" skipped="0" failures="0">
  <properties>
[...]
</properties>
  <testcase name="findByDocumentIdOrderByCreatedAtDesc_ShouldReturnCommentsInDescendingOrder" classname="com.fhtw.shreddit.repository.CommentRepositoryTest" time="0.078">
    <system-out><![CDATA[2026-01-25T23:14:14.970+01:00  INFO 38596 --- [shreddit] [           main] t.c.s.AnnotationConfigContextLoaderUtils : Could not detect default configuration classes for test class [com.fhtw.shreddit.repository.CommentRepositoryTest]: CommentRepositoryTest does not declare any static, non-private, non-final, nested classes annotated with @Configuration.
2026-01-25T23:14:14.985+01:00  INFO 38596 --- [shreddit] [           main] .b.t.c.SpringBootTestContextBootstrapper : Found @SpringBootConfiguration com.fhtw.shreddit.ShredditApplication for test class com.fhtw.shreddit.repository.CommentRepositoryTest

  .   ____          _            __ _ _
 /\\ / ___'_ __ _ _(_)_ __  __ _ \ \ \ \
( ( )\___ | '_ | '_| | '_ \/ _` | \ \ \ \
 \\/  ___)| |_)| | | | | || (_| |  ) ) ) )
  '  |____| .__|_| |_|_| |_\__, | / / / /
 =========|_|==============|___/=/_/_/_/

 :: Spring Boot ::                (v3.5.5)

2026-01-25T23:14:15.005+01:00  INFO 38596 --- [shreddit] [           main] c.f.s.repository.CommentRepositoryTest   : Starting CommentRepositoryTest using Java 21 with PID 38596 (started by Markus in D:\FHTW\Semester_5\SWEN3\Shreddit\backend)
2026-01-25T23:14:15.007+01:00  INFO 38596 --- [shreddit] [           main] c.f.s.repository.CommentRepositoryTest   : No active profile set, falling back to 1 default profile: "default"
2026-01-25T23:14:15.066+01:00  INFO 38596 --- [shreddit] [           main] .s.d.r.c.RepositoryConfigurationDelegate : Bootstrapping Spring Data JPA repositories in DEFAULT mode.
2026-01-25T23:14:15.083+01:00  INFO 38596 --- [shreddit] [           main] .s.d.r.c.RepositoryConfigurationDelegate : Finished Spring Data repository scanning in 15 ms. Found 4 JPA repository interfaces.
2026-01-25T23:14:15.095+01:00  INFO 38596 --- [shreddit] [           main] beddedDataSourceBeanFactoryPostProcessor : Replacing 'dataSource' DataSource bean with embedded version
2026-01-25T23:14:15.131+01:00  INFO 38596 --- [shreddit] [           main] o.s.j.d.e.EmbeddedDatabaseFactory        : Starting embedded database: url='jdbc:h2:mem:75fc47b1-f27c-4a28-a9a2-76d99f951956;DB_CLOSE_DELAY=-1;DB_CLOSE_ON_EXIT=false', username='sa'
2026-01-25T23:14:15.151+01:00  INFO 38596 --- [shreddit] [           main] o.hibernate.jpa.internal.util.LogHelper  : HHH000204: Processing PersistenceUnitInfo [name: default]
2026-01-25T23:14:15.153+01:00  INFO 38596 --- [shreddit] [           main] o.h.c.internal.RegionFactoryInitiator    : HHH000026: Second-level cache disabled
2026-01-25T23:14:15.160+01:00  INFO 38596 --- [shreddit] [           main] o.s.o.j.p.SpringPersistenceUnitInfo      : No LoadTimeWeaver setup: ignoring JPA class transformer
2026-01-25T23:14:15.171+01:00  WARN 38596 --- [shreddit] [           main] org.hibernate.dialect.Dialect            : HHH000511: The 2.2.224 version for [org.hibernate.dialect.PostgreSQLDialect] is no longer supported, hence certain features may not work properly. The minimum supported version is 12.0.0. Check the community dialects project for available legacy versions.
2026-01-25T23:14:15.172+01:00  WARN 38596 --- [shreddit] [           main] org.hibernate.orm.deprecation            : HHH90000025: PostgreSQLDialect does not need to be specified explicitly using 'hibernate.dialect' (remove the property setting and it will be selected by default)
2026-01-25T23:14:15.178+01:00  INFO 38596 --- [shreddit] [           main] org.hibernate.orm.connections.pooling    : HHH10001005: Database info:
	Database JDBC URL [Connecting through datasource 'org.springframework.jdbc.datasource.embedded.EmbeddedDatabaseFactory$EmbeddedDataSourceProxy@5cc25785']
	Database driver: undefined/unknown
	Database version: 2.2.224
	Autocommit mode: undefined/unknown
	Isolation level: undefined/unknown
	Minimum pool size: undefined/unknown
	Maximum pool size: undefined/unknown
2026-01-25T23:14:15.263+01:00  INFO 38596 --- [shreddit] [           main] o.h.e.t.j.p.i.JtaPlatformInitiator       : HHH000489: No JTA platform available (set 'hibernate.transaction.jta.platform' to enable JTA platform integration)
2026-01-25T23:14:15.279+01:00 DEBUG 38596 --- [shreddit] [           main] org.hibernate.SQL                        : create table public.comment (id bigint generated by default as identity, created_at timestamp(6), document_id bigint not null, text TEXT not null, primary key (id))
Hibernate: create table public.comment (id bigint generated by default as identity, created_at timestamp(6), document_id bigint not null, text TEXT not null, primary key (id))
2026-01-25T23:14:15.281+01:00 DEBUG 38596 --- [shreddit] [           main] org.hibernate.SQL                        : create table public.document_access_daily (id bigint generated by default as identity, access_count bigint not null, access_date date not null, document_id bigint not null, primary key (id))
Hibernate: create table public.document_access_daily (id bigint generated by default as identity, access_count bigint not null, access_date date not null, document_id bigint not null, primary key (id))
2026-01-25T23:14:15.284+01:00 DEBUG 38596 --- [shreddit] [           main] org.hibernate.SQL                        : create table public.document_entity (id bigint generated by default as identity, content varchar(255), created_at timestamp(6), document_date date, filename varchar(255), ocr_text TEXT, summary TEXT, summary_status varchar(255), tags TEXT, title varchar(255), username varchar(255), primary key (id))
Hibernate: create table public.document_entity (id bigint generated by default as identity, content varchar(255), created_at timestamp(6), document_date date, filename varchar(255), ocr_text TEXT, summary TEXT, summary_status varchar(255), tags TEXT, title varchar(255), username varchar(255), primary key (id))
2026-01-25T23:14:15.285+01:00 DEBUG 38596 --- [shreddit] [           main] org.hibernate.SQL                        : create table public.document_note (id bigint generated by default as identity, author varchar(255), content TEXT not null, created_at timestamp(6), document_id bigint not null, primary key (id))
Hibernate: create table public.document_note (id bigint generated by default as identity, author varchar(255), content TEXT not null, created_at timestamp(6), document_id bigint not null, primary key (id))
2026-01-25T23:14:15.287+01:00 DEBUG 38596 --- [shreddit] [           main] org.hibernate.SQL                        : create table public.user_entity (id bigint generated by default as identity, created_at timestamp(6), password_hash varchar(255) not null, username varchar(255) not null, primary key (id))
Hibernate: create table public.user_entity (id bigint generated by default as identity, created_at timestamp(6), password_hash varchar(255) not null, username varchar(255) not null, primary key (id))
2026-01-25T23:14:15.288+01:00 DEBUG 38596 --- [shreddit] [           main] org.hibernate.SQL                        : create index idx_document_access_daily_doc_date on public.document_access_daily (document_id, access_date)
Hibernate: create index idx_document_access_daily_doc_date on public.document_access_daily (document_id, access_date)
2026-01-25T23:14:15.289+01:00 DEBUG 38596 --- [shreddit] [           main] org.hibernate.SQL                        : alter table if exists public.document_access_daily drop constraint if exists UK3sm43fakkq2fofvxpqttp1qg2
Hibernate: alter table if exists public.document_access_daily drop constraint if exists UK3sm43fakkq2fofvxpqttp1qg2
2026-01-25T23:14:15.289+01:00 DEBUG 38596 --- [shreddit] [           main] org.hibernate.SQL                        : alter table if exists public.document_access_daily add constraint UK3sm43fakkq2fofvxpqttp1qg2 unique (document_id, access_date)
Hibernate: alter table if exists public.document_access_daily add constraint UK3sm43fakkq2fofvxpqttp1qg2 unique (document_id, access_date)
2026-01-25T23:14:15.290+01:00 DEBUG 38596 --- [shreddit] [           main] org.hibernate.SQL                        : alter table if exists public.user_entity drop constraint if exists UK2jsk4eakd0rmvybo409wgwxuw
Hibernate: alter table if exists public.user_entity drop constraint if exists UK2jsk4eakd0rmvybo409wgwxuw
2026-01-25T23:14:15.290+01:00 DEBUG 38596 --- [shreddit] [           main] org.hibernate.SQL                        : alter table if exists public.user_entity add constraint UK2jsk4eakd0rmvybo409wgwxuw unique (username)
Hibernate: alter table if exists public.user_entity add constraint UK2jsk4eakd0rmvybo409wgwxuw unique (username)
2026-01-25T23:14:15.293+01:00  INFO 38596 --- [shreddit] [           main] j.LocalContainerEntityManagerFactoryBean : Initialized JPA EntityManagerFactory for persistence unit 'default'
2026-01-25T23:14:15.334+01:00  INFO 38596 --- [shreddit] [           main] c.f.s.repository.CommentRepositoryTest   : Started CommentRepositoryTest in 0.347 seconds (process running for 13.184)
2026-01-25T23:14:15.343+01:00 DEBUG 38596 --- [shreddit] [           main] org.hibernate.SQL                        : insert into public.document_entity (content,created_at,document_date,filename,ocr_text,summary,summary_status,tags,title,username) values (?,?,?,?,?,?,?,?,?,?)
Hibernate: insert into public.document_entity (content,created_at,document_date,filename,ocr_text,summary,summary_status,tags,title,username) values (?,?,?,?,?,?,?,?,?,?)
2026-01-25T23:14:15.345+01:00 DEBUG 38596 --- [shreddit] [           main] org.hibernate.SQL                        : insert into public.comment (created_at,document_id,text) values (?,?,?)
Hibernate: insert into public.comment (created_at,document_id,text) values (?,?,?)
2026-01-25T23:14:15.346+01:00 DEBUG 38596 --- [shreddit] [           main] org.hibernate.SQL                        : insert into public.comment (created_at,document_id,text) values (?,?,?)
Hibernate: insert into public.comment (created_at,document_id,text) values (?,?,?)
2026-01-25T23:14:15.350+01:00 DEBUG 38596 --- [shreddit] [           main] org.hibernate.SQL                        : select ce1_0.id,ce1_0.created_at,ce1_0.document_id,ce1_0.text from public.comment ce1_0 where ce1_0.document_id=? order by ce1_0.created_at desc
Hibernate: select ce1_0.id,ce1_0.created_at,ce1_0.document_id,ce1_0.text from public.comment ce1_0 where ce1_0.document_id=? order by ce1_0.created_at desc
]]></system-out>
  </testcase>
  <testcase name="findByDocumentIdOrderByCreatedAtDesc_ShouldReturnEmptyListForNonExistentDocument" classname="com.fhtw.shreddit.repository.CommentRepositoryTest" time="0.009">
    <system-out><![CDATA[2026-01-25T23:14:15.417+01:00 DEBUG 38596 --- [shreddit] [           main] org.hibernate.SQL                        : insert into public.document_entity (content,created_at,document_date,filename,ocr_text,summary,summary_status,tags,title,username) values (?,?,?,?,?,?,?,?,?,?)
Hibernate: insert into public.document_entity (content,created_at,document_date,filename,ocr_text,summary,summary_status,tags,title,username) values (?,?,?,?,?,?,?,?,?,?)
2026-01-25T23:14:15.419+01:00 DEBUG 38596 --- [shreddit] [           main] org.hibernate.SQL                        : insert into public.comment (created_at,document_id,text) values (?,?,?)
Hibernate: insert into public.comment (created_at,document_id,text) values (?,?,?)
2026-01-25T23:14:15.420+01:00 DEBUG 38596 --- [shreddit] [           main] org.hibernate.SQL                        : insert into public.comment (created_at,document_id,text) values (?,?,?)
Hibernate: insert into public.comment (created_at,document_id,text) values (?,?,?)
2026-01-25T23:14:15.421+01:00 DEBUG 38596 --- [shreddit] [           main] org.hibernate.SQL                        : select ce1_0.id,ce1_0.created_at,ce1_0.document_id,ce1_0.text from public.comment ce1_0 where ce1_0.document_id=? order by ce1_0.created_at desc
Hibernate: select ce1_0.id,ce1_0.created_at,ce1_0.document_id,ce1_0.text from public.comment ce1_0 where ce1_0.document_id=? order by ce1_0.created_at desc
]]></system-out>
  </testcase>
</testsuite>